1516882893.726 <1D48> [WRITE] DeviceFactory::createMasterDevice Created master device with id: 0370064C and firmware version: 1.4.5
1516882917.366 <1D48> [WRITE] DeviceFactory::createMasterDevice Created master device with id: 0370064C and firmware version: 1.4.5
1516882920.799 <1D48> [WRITE] DeviceFactory::createMasterDevice Created master device with id: 03700648 and firmware version: 1.4.5
1516885495.568 <1D48> [WRITE] DeviceFactory::createMasterDevice Created master device with id: 0370064C and firmware version: 1.4.5
1516885499.002 <1D48> [WRITE] DeviceFactory::createMasterDevice Created master device with id: 03700648 and firmware version: 1.4.5
1516885517.953 <1D48> [WRITE] DeviceFactory::createMasterDevice Created master device with id: 0370064C and firmware version: 1.4.5
1516885521.302 <1D48> [WRITE] DeviceFactory::createMasterDevice Created master device with id: 03700648 and firmware version: 1.4.5
1516885526.306 <1D48> [WRITE] DeviceFactory::createMasterDevice Created master device with id: 0370064C and firmware version: 1.4.5
1516885529.643 <1D48> [WRITE] DeviceFactory::createMasterDevice Created master device with id: 03700648 and firmware version: 1.4.5
1516887865.177 <1D48> [WRITE] DeviceFactory::createMasterDevice Created master device with id: 0370064C and firmware version: 1.4.5
1516887868.158 <1D48> [WRITE] DeviceFactory::createMasterDevice Created master device with id: 03700648 and firmware version: 1.4.5
1516887871.244 <1D48> [WRITE] DeviceFactory::createMasterDevice Created master device with id: 077007B9 and firmware version: 1.4.1
1516887874.580 <1D48> [WRITE] DeviceFactory::createMasterDevice Created master device with id: 0770084F and firmware version: 1.4.1
1516887877.607 <1D48> [WRITE] DeviceFactory::createMasterDevice Created master device with id: 03700647 and firmware version: 1.4.5
1516887880.581 <1D48> [WRITE] DeviceFactory::createMasterDevice Created master device with id: 0370064B and firmware version: 1.4.5
1516887883.558 <1D48> [WRITE] DeviceFactory::createMasterDevice Created master device with id: 0370064A and firmware version: 1.4.5
1516887886.577 <1D48> [WRITE] DeviceFactory::createMasterDevice Created master device with id: 0370064E and firmware version: 1.4.5
1516887889.835 <1D48> [WRITE] DeviceFactory::createMasterDevice Created master device with id: 0370064C and firmware version: 1.4.5
1516887893.037 <1D48> [WRITE] DeviceFactory::createMasterDevice Created master device with id: 03700648 and firmware version: 1.4.5
1516887896.257 <1D48> [WRITE] DeviceFactory::createMasterDevice Created master device with id: 077007B9 and firmware version: 1.4.1
1516887899.441 <1D48> [WRITE] DeviceFactory::createMasterDevice Created master device with id: 0770084F and firmware version: 1.4.1
1516887902.708 <1D48> [WRITE] DeviceFactory::createMasterDevice Created master device with id: 03700647 and firmware version: 1.4.5
1516887906.054 <1D48> [WRITE] DeviceFactory::createMasterDevice Created master device with id: 0370064B and firmware version: 1.4.5
1516887909.274 <1D48> [WRITE] DeviceFactory::createMasterDevice Created master device with id: 0370064A and firmware version: 1.4.5
